Removed Pin From Net: NetName=GND Pin=C1-2
Removed Pin From Net: NetName=VCC_3.3V Pin=C?-1
Removed Pin From Net: NetName=GND Pin=U1-1
Removed Pin From Net: NetName=VCC_3.3V Pin=U1-2
Removed Pin From Net: NetName=VCC_3.3V Pin=U1-4
Removed Member From Class: ClassName=Sheet2 Member=U1
Added Component: Designator=Q?(SOT223_N)
Add component (AddParameter): Name = "Code_IPC"; Value = "SOT223-4"; VariantName = "[No Variations]"
Add component (AddParameter): Name = "Code_JEDEC"; Value = "TO-261-AA-B"; VariantName = "[No Variations]"
Add component (AddParameter): Name = "Code_JEITA"; Value = "SC-75"; VariantName = "[No Variations]"
Add component (AddParameter): Name = "LatestRevisionDate"; Value = "29-May-2009"; VariantName = "[No Variations]"
Add component (AddParameter): Name = "LatestRevisionNote"; Value = "IPC-7351 Footprint Added."; VariantName = "[No Variations]"
Add component (AddParameter): Name = "PackageDescription"; Value = "4-Pin SOT-223 Package 2.3 mm Pitch, 7 mm Lead Span"; VariantName = "[No Variations]"
Add component (AddParameter): Name = "PackageReference"; Value = "SOT223"; VariantName = "[No Variations]"
Add component (AddParameter): Name = "PackageVersion"; Value = "2002"; VariantName = "[No Variations]"
Add component (AddParameter): Name = "Published"; Value = "24-Mar-1999"; VariantName = "[No Variations]"
Add component (AddParameter): Name = "Publisher"; Value = "Altium Limited"; VariantName = "[No Variations]"
Added Pin To Net: NetName=GND Pin=C1-1
Added Pin To Net: NetName=GND Pin=Q?-2
Added Pin To Net: NetName=GND Pin=Q?-4
Added Pin To Net: NetName=GND Pin=V-1
Added Pin To Net: NetName=NetC?_1 Pin=C?-1
Added Pin To Net: NetName=NetC?_1 Pin=Q?-3
Added Net: Name=NetC?_1
Added Member To Class: ClassName=Sheet2 Member=Component Q? MOSFET-P4
Added Member To Class: ClassName=Sheet1 Member=Component R? Res1
Added Room: Name=Sheet2
